0 info it worked if it ends with ok
1 verbose cli [ 'C:\\Program Files (x86)\\nodejs\\node.exe',
1 verbose cli   'C:\\Users\\Rafal\\AppData\\Roaming\\npm\\node_modules\\npm\\bin\\npm-cli.js',
1 verbose cli   'run',
1 verbose cli   'test' ]
2 info using npm@3.10.9
3 info using node@v4.3.1
4 verbose run-script [ 'pretest', 'test', 'posttest' ]
5 info lifecycle conference-app-angularjs@1.0.0~pretest: conference-app-angularjs@1.0.0
6 silly lifecycle conference-app-angularjs@1.0.0~pretest: no script for pretest, continuing
7 info lifecycle conference-app-angularjs@1.0.0~test: conference-app-angularjs@1.0.0
8 verbose lifecycle conference-app-angularjs@1.0.0~test: unsafe-perm in lifecycle true
9 verbose lifecycle conference-app-angularjs@1.0.0~test: PATH: C:\Users\Rafal\AppData\Roaming\npm\node_modules\npm\bin\node-gyp-bin;D:\Angular_projects\conference-app-angular-1.x\node_modules\.bin;C:\Users\Rafal\bin;C:\Program Files (x86)\Git\mingw32\bin;C:\Program Files (x86)\Git\usr\local\bin;C:\Program Files (x86)\Git\usr\bin;C:\Program Files (x86)\Git\usr\bin;C:\Program Files (x86)\Git\mingw32\bin;C:\Program Files (x86)\Git\usr\bin;C:\Users\Rafal\bin;C:\ProgramData\Oracle\Java\javapath;C:\Program Files (x86)\PC Connectivity Solution;C:\oraclexe\app\oracle\product\11.2.0\server\bin;C:\Program Files (x86)\AMD APP\bin\x86_64;C:\Program Files (x86)\AMD APP\bin\x86;C:\WINDOWS\system32;C:\WINDOWS;C:\WINDOWS\System32\Wbem;C:\WINDOWS\System32\WindowsPowerShell\v1.0;C:\Program Files\Microsoft\Web Platform Installer;C:\Program Files (x86)\Microsoft ASP.NET\ASP.NET Web Pages\v1.0;C:\Program Files\Microsoft SQL Server\110\Tools\Binn;C:\Program Files (x86)\Microsoft SQL Server\100\Tools\Binn;C:\Program Files\Microsoft SQL Server\100\Tools\Binn;C:\Program Files\Microsoft SQL Server\100\DTS\Binn;C:\Program Files (x86)\Microsoft SQL Server\100\Tools\Binn\VSShell\Common7\IDE;C:\Program Files (x86)\Microsoft Visual Studio 9.0\Common7\IDE\PrivateAssemblies;C:\Program Files (x86)\Microsoft SQL Server\100\DTS\Binn;C:\Program Files (x86)\ATI Technologies\ATI.ACE\Core-Static;C:\Android\sdk\platform-tools;C:\Android\sdk\tools;D:\MATLAB\runtime\win32;D:\MATLAB\bin;C:\Program Files\MATLAB\R2012b\runtime\win64;C:\Program Files\MATLAB\R2012b\bin;C:\Program Files\TortoiseSVN\bin;C:\Program Files (x86)\MySQL\MySQL Utilities 1.3.5;C:\Program Files\Java\jdk1.7.0_67\bin;C:\Program Files (x86)\Heroku\bin;C:\Program Files (x86)\git\cmd;C:\Program Files (x86)\LLVM\bin;C:\Users\Rafal\AppData\Roaming\npm;C:\Program Files (x86)\nodejs;C:\mingw64\bin;C:\Program Files (x86)\Windows Kits\8.1\Windows Performance Toolkit;C:\Program Files (x86)\Microsoft SDKs\TypeScript\1.0;C:\Program Files (x86)\Toshiba\Bluetooth Toshiba Stack\sys;C:\Program Files (x86)\Toshiba\Bluetooth Toshiba Stack\sys\x64;C:\Program Files (x86)\Skype\Phone;C:\Program Files\Git\cmd;C:\Program Files (x86)\Paragon Software\ExtFS for Windows;C:\Sqlite3\.libs;C:\RubyOnRails\Ruby21\bin;C:\glassfish4\bin;C:\glassfish4\glassfish\bin;C:\Python27;C:\Python27\Scripts;C:\Program Files (x86)\PostgreSQL\9.4\bin;C:\J2EE\apache-maven-3.3.1\bin;C:\Program Files\MySQL\MySQL Server 5.6\bin;C:\Program Files (x86)\Microsoft VS Code\bin;C:\Users\Rafal\AppData\Local\Microsoft\WindowsApps;C:\Program Files (x86)\Git\usr\bin\vendor_perl;C:\Program Files (x86)\Git\usr\bin\core_perl
10 verbose lifecycle conference-app-angularjs@1.0.0~test: CWD: D:\Angular_projects\conference-app-angular-1.x
11 silly lifecycle conference-app-angularjs@1.0.0~test: Args: [ '/d /s /c', 'karma start' ]
12 silly lifecycle conference-app-angularjs@1.0.0~test: Returned: code: 1  signal: null
13 info lifecycle conference-app-angularjs@1.0.0~test: Failed to exec test script
14 verbose stack Error: conference-app-angularjs@1.0.0 test: `karma start`
14 verbose stack Exit status 1
14 verbose stack     at EventEmitter.<anonymous> (C:\Users\Rafal\AppData\Roaming\npm\node_modules\npm\lib\utils\lifecycle.js:255:16)
14 verbose stack     at emitTwo (events.js:87:13)
14 verbose stack     at EventEmitter.emit (events.js:172:7)
14 verbose stack     at ChildProcess.<anonymous> (C:\Users\Rafal\AppData\Roaming\npm\node_modules\npm\lib\utils\spawn.js:40:14)
14 verbose stack     at emitTwo (events.js:87:13)
14 verbose stack     at ChildProcess.emit (events.js:172:7)
14 verbose stack     at maybeClose (internal/child_process.js:821:16)
14 verbose stack     at Process.ChildProcess._handle.onexit (internal/child_process.js:211:5)
15 verbose pkgid conference-app-angularjs@1.0.0
16 verbose cwd D:\Angular_projects\conference-app-angular-1.x
17 error Windows_NT 10.0.14393
18 error argv "C:\\Program Files (x86)\\nodejs\\node.exe" "C:\\Users\\Rafal\\AppData\\Roaming\\npm\\node_modules\\npm\\bin\\npm-cli.js" "run" "test"
19 error node v4.3.1
20 error npm  v3.10.9
21 error code ELIFECYCLE
22 error conference-app-angularjs@1.0.0 test: `karma start`
22 error Exit status 1
23 error Failed at the conference-app-angularjs@1.0.0 test script 'karma start'.
23 error Make sure you have the latest version of node.js and npm installed.
23 error If you do, this is most likely a problem with the conference-app-angularjs package,
23 error not with npm itself.
23 error Tell the author that this fails on your system:
23 error     karma start
23 error You can get information on how to open an issue for this project with:
23 error     npm bugs conference-app-angularjs
23 error Or if that isn't available, you can get their info via:
23 error     npm owner ls conference-app-angularjs
23 error There is likely additional logging output above.
24 verbose exit [ 1, true ]
